{'_id': 'claim-yes', 'user': UUID('c689ff65-c232-429d-b782-604d0169cced'), 'song': 'Great smile cup', 'timestamp': datetime.datetime(2021, 10, 26, 23, 20, 41), 'duration': 133}
{'_id': 'positive-tell-once', 'user': UUID('c689ff65-c232-429d-b782-604d0169cced'), 'searchterm': 'Enjoy seat approach', 'timestamp': datetime.datetime(2021, 10, 26, 21, 28, 16)}
{'_id': 'investment-tend', 'user': UUID('e512ea38-ed18-43cd-8a00-befb48c49c16'), 'song': 'Head hear rate way', 'timestamp': datetime.datetime(2021, 10, 17, 21, 42, 47)}
{'_id': 'american-tax', 'user': UUID('ab81535b-308d-4ac2-8ea2-6b8f846c45be'), 'song': 'Fly keep agent item', 'timestamp': datetime.datetime(2021, 10, 21, 1, 52, 5), 'duration': 0}
{'_id': 'also-star-writer', 'user': UUID('8d380509-4848-40ef-8fc2-99a88c218aa2'), 'song': 'Fly keep agent item', 'timestamp': datetime.datetime(2021, 10, 21, 20, 56, 44), 'duration': 14}
{'_id': 'often-move', 'user': UUID('e512ea38-ed18-43cd-8a00-befb48c49c16'), 'song': 'Former build', 'timestamp': datetime.datetime(2021, 10, 28, 11, 9, 42), 'duration': 9}
{'_id': 'face-car-every-half', 'user': UUID('ab81535b-308d-4ac2-8ea2-6b8f846c45be'), 'song': 'Machine build let', 'timestamp': datetime.datetime(2021, 10, 25, 18, 53, 45), 'duration': 19}
{'_id': 'voice-front', 'user': UUID('e512ea38-ed18-43cd-8a00-befb48c49c16'), 'song': 'Quality risk', 'timestamp': datetime.datetime(2021, 10, 14, 21, 14, 40), 'duration': 147}
{'_id': 'tend-should-instead', 'user': UUID('ab81535b-308d-4ac2-8ea2-6b8f846c45be'), 'song': 'Just actually hotel', 'timestamp': datetime.datetime(2021, 10, 18, 9, 10, 47), 'duration': 102}
{'_id': 'instead-coach-move', 'user': UUID('ab81535b-308d-4ac2-8ea2-6b8f846c45be'), 'song': 'Great smile cup', 'timestamp': datetime.datetime(2021, 10, 18, 9, 40, 35), 'duration': 10}
{'_id': 'best-together', 'user': UUID('8d380509-4848-40ef-8fc2-99a88c218aa2'), 'searchterm': 'Live his material', 'timestamp': datetime.datetime(2021, 10, 20, 18, 57, 58)}
{'_id': 'writer-whatever', 'user': UUID('e512ea38-ed18-43cd-8a00-befb48c49c16'), 'song': 'Head hear rate way', 'timestamp': datetime.datetime(2021, 10, 15, 23, 12, 37), 'duration': 17}
{'_id': 'property-cost-help', 'user': UUID('0c6c355c-029c-4296-986b-574ee7275600'), 'searchterm': 'South sport', 'timestamp': datetime.datetime(2021, 10, 24, 12, 3, 12)}
{'_id': 'first-us-together', 'user': UUID('0c6c355c-029c-4296-986b-574ee7275600'), 'song': 'Toward around water', 'timestamp': datetime.datetime(2021, 10, 17, 2, 16, 45)}
{'_id': UUID('e512ea38-ed18-43cd-8a00-befb48c49c16'), 'name': 'Jean Cummings', 'email': 'gillespiejason@hotmail.com', 'gender': 'female', 'country': 'Saint Martin', 'dob': datetime.date(2002, 8, 12), 'timestamp': datetime.datetime(2021, 10, 15, 4, 33, 34)}
{'_id': 'official-must-state', 'user': UUID('e512ea38-ed18-43cd-8a00-befb48c49c16'), 'song': 'Fly keep agent item', 'timestamp': datetime.datetime(2021, 10, 24, 19, 46, 23), 'duration': 4}
{'_id': UUID('e512ea38-ed18-43cd-8a00-befb48c49c16'), 'name': 'Jean Cummings', 'email': 'gillespiejason@hotmail.com', 'gender': 'female', 'country': 'Saint Martin', 'dob': datetime.date(2002, 8, 12), 'timestamp': datetime.datetime(2021, 10, 22, 10, 46, 35)}
{'_id': 'green-notice', 'user': UUID('0c6c355c-029c-4296-986b-574ee7275600'), 'song': 'Former build', 'timestamp': datetime.datetime(2021, 10, 15, 16, 25, 17), 'duration': 19}
{'_id': 'happen-total-store', 'user': UUID('0c6c355c-029c-4296-986b-574ee7275600'), 'song': 'Stage out really', 'timestamp': datetime.datetime(2021, 10, 26, 12, 1, 26), 'duration': 13}
{'_id': 'protect-during', 'user': UUID('8d380509-4848-40ef-8fc2-99a88c218aa2'), 'song': 'Great smile cup', 'timestamp': datetime.datetime(2021, 10, 20, 2, 59, 16), 'duration': 8}
{'_id': 'represent-only', 'user': UUID('8d380509-4848-40ef-8fc2-99a88c218aa2'), 'song': 'Stage out really', 'timestamp': datetime.datetime(2021, 10, 17, 14, 24, 57)}
{'_id': 'back-phone', 'user': UUID('c689ff65-c232-429d-b782-604d0169cced'), 'song': 'Toward around water', 'timestamp': datetime.datetime(2021, 10, 19, 17, 28, 34), 'duration': 9}
{'_id': UUID('e512ea38-ed18-43cd-8a00-befb48c49c16'), 'name': 'Jean Cummings', 'email': 'gillespiejason@hotmail.com', 'gender': 'female', 'country': 'Saint Martin', 'dob': datetime.date(2002, 8, 12), 'timestamp': datetime.datetime(2021, 10, 17, 11, 18, 43)}
{'_id': 'who-accept-look', 'user': UUID('53422b8d-bc9c-4b61-87d8-0b1833f60258'), 'song': 'So should key', 'timestamp': datetime.datetime(2021, 10, 21, 0, 19, 18), 'duration': 56}
{'_id': 'good-cultural-me', 'user': UUID('9dd5b4d0-ab6d-4e3c-b82c-722558061cdc'), 'song': 'Involve away catch', 'timestamp': '2021-10-24T02:01:06'}
{'_id': UUID('e40b535a-0c50-491e-bb8f-b6133a145d71'), 'name': 'James Harmon', 'email': 'ryanmiller@yahoo.com', 'gender': 'male', 'country': 'Zambia', 'dob': '1985-01-01', 'timestamp': '2021-10-25T11:16:21'}
{'_id': 'word-address-upon', 'user': UUID('873f32c1-066e-410b-9014-ba6bede81c7e'), 'searchterm': 'Southern painting', 'timestamp': '2021-10-29T05:41:53'}
{'_id': UUID('e40b535a-0c50-491e-bb8f-b6133a145d71'), 'name': 'James Harmon', 'email': 'ryanmiller@yahoo.com', 'gender': 'male', 'country': 'Zambia', 'dob': '1985-01-01', 'timestamp': '2021-10-27T12:06:51'}
{'_id': 'traditional-police', 'user': 'c9df45eb-b372-45c0-a478-9d561c83e0ac', 'song': 'Machine model rock', 'timestamp': '2021-10-16T10:39:44', 'duration': 158}
{'_id': 'ba4ef70f-8234-47d8-8d86-89ddb4cb7368', 'name': 'Joel Mueller', 'email': 'reyesbianca@yahoo.com', 'gender': 'other', 'country': 'Azerbaijan', 'dob': '1979-05-05', 'timestamp': '2021-10-25T21:02:39'}
{'_id': 'southern-matter', 'user': 'cc0a1796-87b6-43c2-b71b-6ea405db7635', 'song': {'_id': UUID('24579dbf-2e64-4ee6-b5d2-14deac71cfb7'), 'title': 'Angela Larson', 'genre': 'Progressive', 'artist': 'Valerie Williamson'}, 'timestamp': '2021-10-28T06:02:02', 'duration': 15}
{'_id': 'dinner-forget', 'user': 'cc0a1796-87b6-43c2-b71b-6ea405db7635', 'song': {'_id': UUID('bb5d79d1-d2cd-4d4b-acfa-e610a91af34b'), 'title': 'Holly Sanders', 'genre': 'Singer/Songwriter', 'artist': 'Eric Campbell'}, 'timestamp': '2021-10-18T06:39:33', 'duration': 7}
{'_id': 'reality-any-either', 'user': '3fd6c646-7804-4f62-9b14-404a9c2885f1', 'searchterm': 'Worker bank with', 'timestamp': '2021-10-20T13:09:00'}
{'_id': 'research-begin', 'user': '3fd6c646-7804-4f62-9b14-404a9c2885f1', 'searchterm': 'Computer seek put', 'timestamp': '2021-10-22T12:51:33'}
{'_id': 'evening-mouth-end', 'user': 'cc0a1796-87b6-43c2-b71b-6ea405db7635', 'song': {'_id': UUID('096c2f1e-de28-4010-acf2-778de9087634'), 'title': 'Rachel Brewer', 'genre': 'Industrial', 'artist': 'Renee Brennan'}, 'timestamp': '2021-10-17T20:05:23', 'duration': 173}
{'_id': 'between-i-contain', 'user': '3fd6c646-7804-4f62-9b14-404a9c2885f1', 'song': {'_id': UUID('24579dbf-2e64-4ee6-b5d2-14deac71cfb7'), 'title': 'Angela Larson', 'genre': 'Progressive', 'artist': 'Valerie Williamson'}, 'timestamp': '2021-10-29T11:55:37'}
{'_id': 'step-toward-save', 'user': '3b2f684a-0f65-4527-b6e3-c7101846e3cf', 'song': {'_id': UUID('096c2f1e-de28-4010-acf2-778de9087634'), 'title': 'Rachel Brewer', 'genre': 'Industrial', 'artist': 'Renee Brennan'}, 'timestamp': '2021-10-22T23:49:15'}
{'_id': 'keep-car-role-i', 'user': 'c4aa3c42-673b-4b66-9ab3-900756b7eb4a', 'song': {'_id': UUID('d66b04e2-0a63-4073-9210-7328350bdf2f'), 'title': 'Linda Perez', 'genre': 'Soundtrack', 'artist': 'Amber Young'}, 'timestamp': '2021-10-24T04:04:31', 'duration': 2}
{'_id': 'along-grow-person', 'user': 'c4aa3c42-673b-4b66-9ab3-900756b7eb4a', 'song': {'_id': UUID('7e816cf9-3f3c-425e-8c3d-8be2babc4491'), 'title': 'Alec Roman', 'genre': 'Tejano', 'artist': 'Deborah Ryan'}, 'timestamp': '2021-10-25T03:46:33'}
{'_id': '3fd6c646-7804-4f62-9b14-404a9c2885f1', 'name': 'Lance Todd', 'email': 'johnbrown@henderson.com', 'gender': 'male', 'country': 'Bouvet Island (Bouvetoya)', 'dob': '1972-08-12', 'timestamp': '2021-10-26T06:23:15'}
{'_id': 'several-within', 'user': 'cc0a1796-87b6-43c2-b71b-6ea405db7635', 'searchterm': 'Beyond avoid floor', 'timestamp': '2021-10-18T18:19:31'}
{'_id': 'student-leader', 'user': '3b2f684a-0f65-4527-b6e3-c7101846e3cf', 'searchterm': 'Floor common much', 'timestamp': '2021-10-26T21:10:17'}
{'_id': 'central-debate-able', 'user': '449d5754-b578-4202-9092-d33e07f8c548', 'searchterm': 'Available leader PM', 'timestamp': '2021-10-17T12:02:17'}
{'_id': 'culture-put-will-no', 'user': '3fd6c646-7804-4f62-9b14-404a9c2885f1', 'song': {'_id': UUID('37f79396-d8cd-45dd-9876-d332a6184a36'), 'title': 'Gary Norton', 'genre': 'Hip-Hop/Rap', 'artist': 'Tim Garcia'}, 'timestamp': '2021-10-25T03:34:53', 'duration': 64}
{'_id': 'child-heavy-middle', 'user': 'c4aa3c42-673b-4b66-9ab3-900756b7eb4a', 'song': {'_id': UUID('bb5d79d1-d2cd-4d4b-acfa-e610a91af34b'), 'title': 'Holly Sanders', 'genre': 'Singer/Songwriter', 'artist': 'Eric Campbell'}, 'timestamp': '2021-10-15T19:56:08', 'duration': 124}
{'_id': 'age-reflect-affect', 'user': 'c4aa3c42-673b-4b66-9ab3-900756b7eb4a', 'song': {'_id': UUID('24579dbf-2e64-4ee6-b5d2-14deac71cfb7'), 'title': 'Angela Larson', 'genre': 'Progressive', 'artist': 'Valerie Williamson'}, 'timestamp': '2021-10-28T14:46:54'}
{'_id': 'bed-officer-choice', 'user': 'cc0a1796-87b6-43c2-b71b-6ea405db7635', 'song': {'_id': UUID('4a648c7d-c08b-4ffd-bf24-67c9dc9dc172'), 'title': 'Curtis Munoz', 'genre': 'Progressive', 'artist': 'Christine Jackson'}, 'timestamp': '2021-10-22T00:18:19'}
{'_id': 'those-than-left-may', 'user': '3b2f684a-0f65-4527-b6e3-c7101846e3cf', 'song': {'_id': UUID('bb5d79d1-d2cd-4d4b-acfa-e610a91af34b'), 'title': 'Holly Sanders', 'genre': 'Singer/Songwriter', 'artist': 'Eric Campbell'}, 'timestamp': '2021-10-28T15:49:39'}
{"_id": "nearly-air", "user": "40cda8d2-7232-4975-b867-bc50016b7315", "song": {"_id": "18176c0d-63f3-4afb-9bf3-3564e9741a42", "title": "Carmen Riddle", "genre": "Classical", "artist": "Sheila Ross"}, "timestamp": "2021-10-19T09:23:43", "duration": 0}
{"_id": "try-bit-line-food", "user": "6422d1a7-e9b8-4cdd-9094-558a5c560e67", "searchterm": "Blood anyone upon", "timestamp": "2021-10-24T04:01:40"}
{"_id": "chance-major-owner", "user": "40cda8d2-7232-4975-b867-bc50016b7315", "song": {"_id": "3b80a61d-b9ee-4c3e-866e-9cb3cad1b62c", "title": "Martin Cook", "genre": "Enka", "artist": "Ashley Hill"}, "timestamp": "2021-10-26T19:03:28", "duration": 9}
{"_id": "about-wrong-grow", "user": "158efbe0-4545-40ae-a5de-47bb0c728820", "song": {"_id": "d6088929-6cc7-4a1b-948c-a48154226e7f", "title": "Sharon Robertson", "genre": "Industrial", "artist": "Curtis Chen"}, "timestamp": "2021-10-21T21:35:42"}
{"_id": "bar-better-arrive", "user": "158efbe0-4545-40ae-a5de-47bb0c728820", "searchterm": "Hundred sometimes", "timestamp": "2021-10-23T14:26:38"}
{"_id": "economic-stand-mean", "user": "6422d1a7-e9b8-4cdd-9094-558a5c560e67", "song": {"_id": "3d5c1093-1ac0-448c-97c8-83090e108344", "title": "Clayton Miller", "genre": "World", "artist": "Jennifer Hale"}, "timestamp": "2021-10-16T21:25:53", "duration": 119}
{"_id": "nation-huge-form", "user": "40cda8d2-7232-4975-b867-bc50016b7315", "searchterm": "Dream college loss", "timestamp": "2021-10-24T22:19:54"}
